mkdir: cannot create directory ‘/users/s/m/smdecker/projects/eco_genomics_2025/population_genomics/myresults/ANGSD/PCA_ADMIX’: File exists
------------------------------------
PCAngsd v1.36.1
Jonas Meisner and Anders Albrechtsen
Using 10 thread(s)
------------------------------------

Parsing Beagle file.
Loaded 971934 sites and 113 samples.
Estimating minor allele frequencies.
EM (MAF) converged at iteration: 7
Number of sites after MAF filtering (0.05): 697053

Estimating covariance matrix.
Using 4 principal components (manually selected).
Individual allele frequencies estimated (1).
Individual allele frequencies estimated (2).	RMSE=0.0941618
Individual allele frequencies estimated (3).	RMSE=0.0940812
Individual allele frequencies estimated (4).	RMSE=0.0940741
Individual allele frequencies estimated (5).	RMSE=0.0041421
Individual allele frequencies estimated (6).	RMSE=0.0008193
Individual allele frequencies estimated (7).	RMSE=0.0940812
Individual allele frequencies estimated (8).	RMSE=0.0021090
Individual allele frequencies estimated (9).	RMSE=0.0027878
Individual allele frequencies estimated (10).	RMSE=0.0940723
Individual allele frequencies estimated (11).	RMSE=0.0036194
Individual allele frequencies estimated (12).	RMSE=0.0038515
Individual allele frequencies estimated (13).	RMSE=0.0039383
Individual allele frequencies estimated (14).	RMSE=0.0039295
Individual allele frequencies estimated (15).	RMSE=0.0037692
Individual allele frequencies estimated (16).	RMSE=0.0034912
Individual allele frequencies estimated (17).	RMSE=0.0031661
Individual allele frequencies estimated (18).	RMSE=0.0940721
Individual allele frequencies estimated (19).	RMSE=0.0024036
Individual allele frequencies estimated (20).	RMSE=0.0020805
Individual allele frequencies estimated (21).	RMSE=0.0018050
Individual allele frequencies estimated (22).	RMSE=0.0015352
Individual allele frequencies estimated (23).	RMSE=0.0013123
Individual allele frequencies estimated (24).	RMSE=0.0011213
Individual allele frequencies estimated (25).	RMSE=0.0009683
Individual allele frequencies estimated (26).	RMSE=0.0008169
Individual allele frequencies estimated (27).	RMSE=0.0006800
Individual allele frequencies estimated (28).	RMSE=0.0005676
Individual allele frequencies estimated (29).	RMSE=0.0004906
Individual allele frequencies estimated (30).	RMSE=0.0004091
Individual allele frequencies estimated (31).	RMSE=0.0003581
Individual allele frequencies estimated (32).	RMSE=0.0002806
Individual allele frequencies estimated (33).	RMSE=0.0002306
Individual allele frequencies estimated (34).	RMSE=0.0001926
Individual allele frequencies estimated (35).	RMSE=0.0001564
Individual allele frequencies estimated (36).	RMSE=0.0001240
Individual allele frequencies estimated (37).	RMSE=0.0001001
Individual allele frequencies estimated (38).	RMSE=0.0000873
Individual allele frequencies estimated (39).	RMSE=0.0000804
Individual allele frequencies estimated (40).	RMSE=0.0000786
Individual allele frequencies estimated (41).	RMSE=0.0000828
Individual allele frequencies estimated (42).	RMSE=0.0000875
Individual allele frequencies estimated (43).	RMSE=0.0000951
Individual allele frequencies estimated (44).	RMSE=0.0001060
Individual allele frequencies estimated (45).	RMSE=0.0001110
Individual allele frequencies estimated (46).	RMSE=0.0001106
Individual allele frequencies estimated (47).	RMSE=0.0001178
Individual allele frequencies estimated (48).	RMSE=0.0001154
Individual allele frequencies estimated (49).	RMSE=0.0001165
Individual allele frequencies estimated (50).	RMSE=0.0001249
Individual allele frequencies estimated (51).	RMSE=0.0001315
Individual allele frequencies estimated (52).	RMSE=0.0001189
Individual allele frequencies estimated (53).	RMSE=0.0001383
Individual allele frequencies estimated (54).	RMSE=0.0001425
Individual allele frequencies estimated (55).	RMSE=0.0001399
Individual allele frequencies estimated (56).	RMSE=0.0001383
Individual allele frequencies estimated (57).	RMSE=0.0001419
Individual allele frequencies estimated (58).	RMSE=0.0001485
Individual allele frequencies estimated (59).	RMSE=0.0001449
Individual allele frequencies estimated (60).	RMSE=0.0001422
Individual allele frequencies estimated (61).	RMSE=0.0001476
Individual allele frequencies estimated (62).	RMSE=0.0001426
Individual allele frequencies estimated (63).	RMSE=0.0001404
Individual allele frequencies estimated (64).	RMSE=0.0001390
Individual allele frequencies estimated (65).	RMSE=0.0001350
Individual allele frequencies estimated (66).	RMSE=0.0001333
Individual allele frequencies estimated (67).	RMSE=0.0001380
Individual allele frequencies estimated (68).	RMSE=0.0001409
Individual allele frequencies estimated (69).	RMSE=0.0001344
Individual allele frequencies estimated (70).	RMSE=0.0001282
Individual allele frequencies estimated (71).	RMSE=0.0001282
Individual allele frequencies estimated (72).	RMSE=0.0001247
Individual allele frequencies estimated (73).	RMSE=0.0001255
Individual allele frequencies estimated (74).	RMSE=0.0001321
Individual allele frequencies estimated (75).	RMSE=0.0001276
Individual allele frequencies estimated (76).	RMSE=0.0001208
Individual allele frequencies estimated (77).	RMSE=0.0001207
Individual allele frequencies estimated (78).	RMSE=0.0001175
Individual allele frequencies estimated (79).	RMSE=0.0001174
Individual allele frequencies estimated (80).	RMSE=0.0001136
Individual allele frequencies estimated (81).	RMSE=0.0001152
Individual allele frequencies estimated (82).	RMSE=0.0001171
Individual allele frequencies estimated (83).	RMSE=0.0001112
Individual allele frequencies estimated (84).	RMSE=0.0001087
Individual allele frequencies estimated (85).	RMSE=0.0001047
Individual allele frequencies estimated (86).	RMSE=0.0001036
Individual allele frequencies estimated (87).	RMSE=0.0000997
Individual allele frequencies estimated (88).	RMSE=0.0000989
Individual allele frequencies estimated (89).	RMSE=0.0000988
Individual allele frequencies estimated (90).	RMSE=0.0000948
Individual allele frequencies estimated (91).	RMSE=0.0000928
Individual allele frequencies estimated (92).	RMSE=0.0000885
Individual allele frequencies estimated (93).	RMSE=0.0000846
Individual allele frequencies estimated (94).	RMSE=0.0000846
Individual allele frequencies estimated (95).	RMSE=0.0940721
Individual allele frequencies estimated (96).	RMSE=0.0000789
Individual allele frequencies estimated (97).	RMSE=0.0000852
Individual allele frequencies estimated (98).	RMSE=0.0000867
Individual allele frequencies estimated (99).	RMSE=0.0000868
Individual allele frequencies estimated (100).	RMSE=0.0000781
Individual allele frequencies estimated (101).	RMSE=0.0000764
PCAngsd did not converge!
Saved covariance matrix as /users/s/m/smdecker/projects/eco_genomics_2025/population_genomics/myresults/ANGSD/PCA_ADMIX/RSBS_poly_K5.cov

Estimating admixture proportions using NMF (CSG-MU).
K=5, Alpha=0.0, Batches=10, Seed=0
CSG-MU (1).	RMSE=0.198563089
CSG-MU (2).	RMSE=0.137692152
CSG-MU (3).	RMSE=0.056132794
CSG-MU (4).	RMSE=0.099680392
CSG-MU (5).	RMSE=0.036625042
CSG-MU (6).	RMSE=0.016169288
CSG-MU (7).	RMSE=0.007841143
CSG-MU (8).	RMSE=0.004077082
CSG-MU (9).	RMSE=0.002025118
CSG-MU (10).	RMSE=0.001102169
CSG-MU (11).	RMSE=0.000632643
CSG-MU (12).	RMSE=0.000385205
CSG-MU (13).	RMSE=0.000251777
CSG-MU (14).	RMSE=0.000167396
CSG-MU (15).	RMSE=0.000108683
CSG-MU (16).	RMSE=0.000072999
CSG-MU (17).	RMSE=0.000050989
CSG-MU (18).	RMSE=0.000035319
CSG-MU (19).	RMSE=0.000026009
CSG-MU (20).	RMSE=0.000019116
CSG-MU (21).	RMSE=0.000014194
CSG-MU (22).	RMSE=0.000011115
CSG-MU (23).	RMSE=0.000008807
Converged.
Frobenius error: 95.27793
Log-likelihood: -58914359.42617
Saved admixture proportions as /users/s/m/smdecker/projects/eco_genomics_2025/population_genomics/myresults/ANGSD/PCA_ADMIX/RSBS_poly_K5.admix.5.Q
Saved ancestral allele frequencies proportions as /users/s/m/smdecker/projects/eco_genomics_2025/population_genomics/myresults/ANGSD/PCA_ADMIX/RSBS_poly_K5.admix.5.P

Total elapsed time: 4m11s
