mkdir: cannot create directory ‘/users/s/m/smdecker/projects/eco_genomics_2025/population_genomics/myresults/ANGSD/PCA_ADMIX’: File exists
------------------------------------
PCAngsd v1.36.1
Jonas Meisner and Anders Albrechtsen
Using 10 thread(s)
------------------------------------

Parsing Beagle file.
Loaded 971934 sites and 113 samples.
Estimating minor allele frequencies.
EM (MAF) converged at iteration: 7
Number of sites after MAF filtering (0.05): 697053

Estimating covariance matrix.
Using 2 principal components (manually selected).
Individual allele frequencies estimated (1).
Individual allele frequencies estimated (2).	RMSE=0.0028536
Individual allele frequencies estimated (3).	RMSE=0.0017149
Individual allele frequencies estimated (4).	RMSE=0.0011756
Individual allele frequencies estimated (5).	RMSE=0.0008576
Individual allele frequencies estimated (6).	RMSE=0.0006491
Individual allele frequencies estimated (7).	RMSE=0.1330374
Individual allele frequencies estimated (8).	RMSE=0.0003945
Individual allele frequencies estimated (9).	RMSE=0.0003154
Individual allele frequencies estimated (10).	RMSE=0.0002553
Individual allele frequencies estimated (11).	RMSE=0.0002101
Individual allele frequencies estimated (12).	RMSE=0.0001751
Individual allele frequencies estimated (13).	RMSE=0.0001486
Individual allele frequencies estimated (14).	RMSE=0.0001276
Individual allele frequencies estimated (15).	RMSE=0.0001116
Individual allele frequencies estimated (16).	RMSE=0.0000987
Individual allele frequencies estimated (17).	RMSE=0.0000893
Individual allele frequencies estimated (18).	RMSE=0.0000813
Individual allele frequencies estimated (19).	RMSE=0.0000750
Individual allele frequencies estimated (20).	RMSE=0.0000703
Individual allele frequencies estimated (21).	RMSE=0.0000665
Individual allele frequencies estimated (22).	RMSE=0.0000631
Individual allele frequencies estimated (23).	RMSE=0.0000604
Individual allele frequencies estimated (24).	RMSE=0.0000579
Individual allele frequencies estimated (25).	RMSE=0.0000561
Individual allele frequencies estimated (26).	RMSE=0.0000543
Individual allele frequencies estimated (27).	RMSE=0.0000527
Individual allele frequencies estimated (28).	RMSE=0.0000511
Individual allele frequencies estimated (29).	RMSE=0.0000499
Individual allele frequencies estimated (30).	RMSE=0.0000484
Individual allele frequencies estimated (31).	RMSE=0.0000472
Individual allele frequencies estimated (32).	RMSE=0.0000460
Individual allele frequencies estimated (33).	RMSE=0.0000449
Individual allele frequencies estimated (34).	RMSE=0.0000437
Individual allele frequencies estimated (35).	RMSE=0.0000426
Individual allele frequencies estimated (36).	RMSE=0.0000414
Individual allele frequencies estimated (37).	RMSE=0.0000404
Individual allele frequencies estimated (38).	RMSE=0.0000392
Individual allele frequencies estimated (39).	RMSE=0.0000383
Individual allele frequencies estimated (40).	RMSE=0.0000371
Individual allele frequencies estimated (41).	RMSE=0.0000360
Individual allele frequencies estimated (42).	RMSE=0.0000349
Individual allele frequencies estimated (43).	RMSE=0.0000338
Individual allele frequencies estimated (44).	RMSE=0.0000328
Individual allele frequencies estimated (45).	RMSE=0.0000318
Individual allele frequencies estimated (46).	RMSE=0.0000307
Individual allele frequencies estimated (47).	RMSE=0.0000296
Individual allele frequencies estimated (48).	RMSE=0.0000285
Individual allele frequencies estimated (49).	RMSE=0.0000275
Individual allele frequencies estimated (50).	RMSE=0.0000264
Individual allele frequencies estimated (51).	RMSE=0.0000254
Individual allele frequencies estimated (52).	RMSE=0.0000244
Individual allele frequencies estimated (53).	RMSE=0.0000234
Individual allele frequencies estimated (54).	RMSE=0.0000228
Individual allele frequencies estimated (55).	RMSE=0.0000216
Individual allele frequencies estimated (56).	RMSE=0.0000207
Individual allele frequencies estimated (57).	RMSE=0.0000197
Individual allele frequencies estimated (58).	RMSE=0.0000187
Individual allele frequencies estimated (59).	RMSE=0.0000179
Individual allele frequencies estimated (60).	RMSE=0.0000170
Individual allele frequencies estimated (61).	RMSE=0.0000162
Individual allele frequencies estimated (62).	RMSE=0.0000154
Individual allele frequencies estimated (63).	RMSE=0.0000147
Individual allele frequencies estimated (64).	RMSE=0.0000140
Individual allele frequencies estimated (65).	RMSE=0.0000133
Individual allele frequencies estimated (66).	RMSE=0.0000125
Individual allele frequencies estimated (67).	RMSE=0.0000122
Individual allele frequencies estimated (68).	RMSE=0.0000112
Individual allele frequencies estimated (69).	RMSE=0.0000105
Individual allele frequencies estimated (70).	RMSE=0.0000100
Individual allele frequencies estimated (71).	RMSE=0.0000094
PCAngsd converged.
Saved covariance matrix as /users/s/m/smdecker/projects/eco_genomics_2025/population_genomics/myresults/ANGSD/PCA_ADMIX/RSBS_poly_K3.cov

Estimating admixture proportions using NMF (CSG-MU).
K=3, Alpha=0.0, Batches=10, Seed=0
CSG-MU (1).	RMSE=0.260921778
CSG-MU (2).	RMSE=0.091781824
CSG-MU (3).	RMSE=0.155790782
CSG-MU (4).	RMSE=0.048794101
CSG-MU (5).	RMSE=0.024861957
CSG-MU (6).	RMSE=0.009635962
CSG-MU (7).	RMSE=0.005136653
CSG-MU (8).	RMSE=0.003230103
CSG-MU (9).	RMSE=0.002246437
CSG-MU (10).	RMSE=0.001506439
CSG-MU (11).	RMSE=0.001108494
CSG-MU (12).	RMSE=0.000816364
CSG-MU (13).	RMSE=0.000591548
CSG-MU (14).	RMSE=0.000455572
CSG-MU (15).	RMSE=0.000362203
CSG-MU (16).	RMSE=0.000284043
CSG-MU (17).	RMSE=0.000220963
CSG-MU (18).	RMSE=0.000181206
CSG-MU (19).	RMSE=0.000143048
CSG-MU (20).	RMSE=0.000116293
CSG-MU (21).	RMSE=0.000097160
CSG-MU (22).	RMSE=0.000078942
CSG-MU (23).	RMSE=0.000061991
CSG-MU (24).	RMSE=0.000050677
CSG-MU (25).	RMSE=0.000041592
CSG-MU (26).	RMSE=0.000035049
CSG-MU (27).	RMSE=0.000029161
CSG-MU (28).	RMSE=0.000023206
CSG-MU (29).	RMSE=0.000019113
CSG-MU (30).	RMSE=0.000014322
CSG-MU (31).	RMSE=0.000011154
CSG-MU (32).	RMSE=0.000010805
CSG-MU (33).	RMSE=0.000008916
Converged.
Frobenius error: 54.59128
Log-likelihood: -59635613.44619
Saved admixture proportions as /users/s/m/smdecker/projects/eco_genomics_2025/population_genomics/myresults/ANGSD/PCA_ADMIX/RSBS_poly_K3.admix.3.Q
Saved ancestral allele frequencies proportions as /users/s/m/smdecker/projects/eco_genomics_2025/population_genomics/myresults/ANGSD/PCA_ADMIX/RSBS_poly_K3.admix.3.P

Total elapsed time: 3m11s
