mkdir: cannot create directory ‘/users/s/m/smdecker/projects/eco_genomics_2025/population_genomics/myresults/ANGSD/PCA_ADMIX’: File exists
------------------------------------
PCAngsd v1.36.1
Jonas Meisner and Anders Albrechtsen
Using 10 thread(s)
------------------------------------

Parsing Beagle file.
Loaded 971934 sites and 113 samples.
Estimating minor allele frequencies.
EM (MAF) converged at iteration: 7
Number of sites after MAF filtering (0.05): 697053

Estimating covariance matrix.
Using 3 principal components (manually selected).
Individual allele frequencies estimated (1).
Individual allele frequencies estimated (2).	RMSE=0.0060726
Individual allele frequencies estimated (3).	RMSE=0.0027870
Individual allele frequencies estimated (4).	RMSE=0.0015907
Individual allele frequencies estimated (5).	RMSE=0.0010833
Individual allele frequencies estimated (6).	RMSE=0.1086263
Individual allele frequencies estimated (7).	RMSE=0.0006686
Individual allele frequencies estimated (8).	RMSE=0.0005613
Individual allele frequencies estimated (9).	RMSE=0.0004811
Individual allele frequencies estimated (10).	RMSE=0.0004170
Individual allele frequencies estimated (11).	RMSE=0.0003644
Individual allele frequencies estimated (12).	RMSE=0.0003177
Individual allele frequencies estimated (13).	RMSE=0.0002798
Individual allele frequencies estimated (14).	RMSE=0.0002479
Individual allele frequencies estimated (15).	RMSE=0.0002217
Individual allele frequencies estimated (16).	RMSE=0.0001989
Individual allele frequencies estimated (17).	RMSE=0.0001790
Individual allele frequencies estimated (18).	RMSE=0.0001611
Individual allele frequencies estimated (19).	RMSE=0.0001475
Individual allele frequencies estimated (20).	RMSE=0.0001337
Individual allele frequencies estimated (21).	RMSE=0.0001225
Individual allele frequencies estimated (22).	RMSE=0.0001130
Individual allele frequencies estimated (23).	RMSE=0.0001043
Individual allele frequencies estimated (24).	RMSE=0.0000972
Individual allele frequencies estimated (25).	RMSE=0.0000904
Individual allele frequencies estimated (26).	RMSE=0.0000846
Individual allele frequencies estimated (27).	RMSE=0.0000798
Individual allele frequencies estimated (28).	RMSE=0.0000751
Individual allele frequencies estimated (29).	RMSE=0.0000711
Individual allele frequencies estimated (30).	RMSE=0.0000674
Individual allele frequencies estimated (31).	RMSE=0.0000643
Individual allele frequencies estimated (32).	RMSE=0.0000616
Individual allele frequencies estimated (33).	RMSE=0.0000588
Individual allele frequencies estimated (34).	RMSE=0.0000562
Individual allele frequencies estimated (35).	RMSE=0.0000540
Individual allele frequencies estimated (36).	RMSE=0.0000519
Individual allele frequencies estimated (37).	RMSE=0.0000499
Individual allele frequencies estimated (38).	RMSE=0.0000480
Individual allele frequencies estimated (39).	RMSE=0.0000463
Individual allele frequencies estimated (40).	RMSE=0.0000445
Individual allele frequencies estimated (41).	RMSE=0.0000430
Individual allele frequencies estimated (42).	RMSE=0.0000414
Individual allele frequencies estimated (43).	RMSE=0.0000399
Individual allele frequencies estimated (44).	RMSE=0.0000386
Individual allele frequencies estimated (45).	RMSE=0.0000372
Individual allele frequencies estimated (46).	RMSE=0.0000360
Individual allele frequencies estimated (47).	RMSE=0.0000348
Individual allele frequencies estimated (48).	RMSE=0.0000334
Individual allele frequencies estimated (49).	RMSE=0.0000323
Individual allele frequencies estimated (50).	RMSE=0.0000311
Individual allele frequencies estimated (51).	RMSE=0.0000300
Individual allele frequencies estimated (52).	RMSE=0.0000289
Individual allele frequencies estimated (53).	RMSE=0.0000279
Individual allele frequencies estimated (54).	RMSE=0.0000268
Individual allele frequencies estimated (55).	RMSE=0.0000259
Individual allele frequencies estimated (56).	RMSE=0.0000248
Individual allele frequencies estimated (57).	RMSE=0.0000240
Individual allele frequencies estimated (58).	RMSE=0.0000232
Individual allele frequencies estimated (59).	RMSE=0.0000223
Individual allele frequencies estimated (60).	RMSE=0.0000214
Individual allele frequencies estimated (61).	RMSE=0.0000208
Individual allele frequencies estimated (62).	RMSE=0.0000201
Individual allele frequencies estimated (63).	RMSE=0.0000193
Individual allele frequencies estimated (64).	RMSE=0.0000190
Individual allele frequencies estimated (65).	RMSE=0.0000179
Individual allele frequencies estimated (66).	RMSE=0.0000173
Individual allele frequencies estimated (67).	RMSE=0.0000168
Individual allele frequencies estimated (68).	RMSE=0.0000161
Individual allele frequencies estimated (69).	RMSE=0.0000157
Individual allele frequencies estimated (70).	RMSE=0.0000151
Individual allele frequencies estimated (71).	RMSE=0.0000146
Individual allele frequencies estimated (72).	RMSE=0.0000139
Individual allele frequencies estimated (73).	RMSE=0.0000137
Individual allele frequencies estimated (74).	RMSE=0.0000133
Individual allele frequencies estimated (75).	RMSE=0.0000129
Individual allele frequencies estimated (76).	RMSE=0.0000127
Individual allele frequencies estimated (77).	RMSE=0.0000122
Individual allele frequencies estimated (78).	RMSE=0.0000118
Individual allele frequencies estimated (79).	RMSE=0.0000114
Individual allele frequencies estimated (80).	RMSE=0.0000110
Individual allele frequencies estimated (81).	RMSE=0.0000107
Individual allele frequencies estimated (82).	RMSE=0.0000106
Individual allele frequencies estimated (83).	RMSE=0.0000105
Individual allele frequencies estimated (84).	RMSE=0.0000103
Individual allele frequencies estimated (85).	RMSE=0.0000100
PCAngsd converged.
Saved covariance matrix as /users/s/m/smdecker/projects/eco_genomics_2025/population_genomics/myresults/ANGSD/PCA_ADMIX/RSBS_poly_K4.cov

Estimating admixture proportions using NMF (CSG-MU).
K=4, Alpha=0.0, Batches=10, Seed=0
CSG-MU (1).	RMSE=0.232065842
CSG-MU (2).	RMSE=0.122139426
CSG-MU (3).	RMSE=0.118192828
CSG-MU (4).	RMSE=0.044892102
CSG-MU (5).	RMSE=0.014927087
CSG-MU (6).	RMSE=0.005976763
CSG-MU (7).	RMSE=0.002826739
CSG-MU (8).	RMSE=0.001535870
CSG-MU (9).	RMSE=0.000910260
CSG-MU (10).	RMSE=0.000576033
CSG-MU (11).	RMSE=0.000383156
CSG-MU (12).	RMSE=0.000259149
CSG-MU (13).	RMSE=0.000180269
CSG-MU (14).	RMSE=0.000125089
CSG-MU (15).	RMSE=0.000092208
CSG-MU (16).	RMSE=0.000066296
CSG-MU (17).	RMSE=0.000050197
CSG-MU (18).	RMSE=0.000038969
CSG-MU (19).	RMSE=0.000029150
CSG-MU (20).	RMSE=0.000024122
CSG-MU (21).	RMSE=0.000016618
CSG-MU (22).	RMSE=0.000015968
CSG-MU (23).	RMSE=0.000011985
CSG-MU (24).	RMSE=0.000008202
Converged.
Frobenius error: 74.19064
Log-likelihood: -59268690.64925
Saved admixture proportions as /users/s/m/smdecker/projects/eco_genomics_2025/population_genomics/myresults/ANGSD/PCA_ADMIX/RSBS_poly_K4.admix.4.Q
Saved ancestral allele frequencies proportions as /users/s/m/smdecker/projects/eco_genomics_2025/population_genomics/myresults/ANGSD/PCA_ADMIX/RSBS_poly_K4.admix.4.P

Total elapsed time: 4m4s
