mkdir: cannot create directory ‘/users/s/m/smdecker/projects/eco_genomics_2025/population_genomics/myresults/ANGSD/PCA_ADMIX’: File exists
------------------------------------
PCAngsd v1.36.1
Jonas Meisner and Anders Albrechtsen
Using 10 thread(s)
------------------------------------

Parsing Beagle file.
Loaded 971934 sites and 113 samples.
Estimating minor allele frequencies.
EM (MAF) converged at iteration: 7
Number of sites after MAF filtering (0.05): 697053

Estimating covariance matrix.
Using 2 principal components (manually selected).
Individual allele frequencies estimated (1).
Individual allele frequencies estimated (2).	RMSE=0.0028537
Individual allele frequencies estimated (3).	RMSE=0.0017148
Individual allele frequencies estimated (4).	RMSE=0.0011756
Individual allele frequencies estimated (5).	RMSE=0.0008579
Individual allele frequencies estimated (6).	RMSE=0.0006487
Individual allele frequencies estimated (7).	RMSE=0.1330374
Individual allele frequencies estimated (8).	RMSE=0.0003953
Individual allele frequencies estimated (9).	RMSE=0.0003147
Individual allele frequencies estimated (10).	RMSE=0.0002553
Individual allele frequencies estimated (11).	RMSE=0.0002101
Individual allele frequencies estimated (12).	RMSE=0.0001750
Individual allele frequencies estimated (13).	RMSE=0.0001487
Individual allele frequencies estimated (14).	RMSE=0.0001278
Individual allele frequencies estimated (15).	RMSE=0.0001114
Individual allele frequencies estimated (16).	RMSE=0.0000992
Individual allele frequencies estimated (17).	RMSE=0.0000893
Individual allele frequencies estimated (18).	RMSE=0.0000814
Individual allele frequencies estimated (19).	RMSE=0.0000750
Individual allele frequencies estimated (20).	RMSE=0.0000705
Individual allele frequencies estimated (21).	RMSE=0.0000664
Individual allele frequencies estimated (22).	RMSE=0.0000630
Individual allele frequencies estimated (23).	RMSE=0.0000605
Individual allele frequencies estimated (24).	RMSE=0.0000580
Individual allele frequencies estimated (25).	RMSE=0.0000560
Individual allele frequencies estimated (26).	RMSE=0.0000544
Individual allele frequencies estimated (27).	RMSE=0.0000526
Individual allele frequencies estimated (28).	RMSE=0.0000512
Individual allele frequencies estimated (29).	RMSE=0.0000498
Individual allele frequencies estimated (30).	RMSE=0.0000484
Individual allele frequencies estimated (31).	RMSE=0.0000472
Individual allele frequencies estimated (32).	RMSE=0.0000460
Individual allele frequencies estimated (33).	RMSE=0.0000448
Individual allele frequencies estimated (34).	RMSE=0.0000437
Individual allele frequencies estimated (35).	RMSE=0.0000426
Individual allele frequencies estimated (36).	RMSE=0.0000415
Individual allele frequencies estimated (37).	RMSE=0.0000403
Individual allele frequencies estimated (38).	RMSE=0.0000392
Individual allele frequencies estimated (39).	RMSE=0.0000382
Individual allele frequencies estimated (40).	RMSE=0.0000373
Individual allele frequencies estimated (41).	RMSE=0.0000360
Individual allele frequencies estimated (42).	RMSE=0.0000349
Individual allele frequencies estimated (43).	RMSE=0.0000340
Individual allele frequencies estimated (44).	RMSE=0.0000329
Individual allele frequencies estimated (45).	RMSE=0.0000317
Individual allele frequencies estimated (46).	RMSE=0.0000306
Individual allele frequencies estimated (47).	RMSE=0.0000295
Individual allele frequencies estimated (48).	RMSE=0.0000285
Individual allele frequencies estimated (49).	RMSE=0.0000274
Individual allele frequencies estimated (50).	RMSE=0.0000265
Individual allele frequencies estimated (51).	RMSE=0.0000254
Individual allele frequencies estimated (52).	RMSE=0.0000243
Individual allele frequencies estimated (53).	RMSE=0.0000238
Individual allele frequencies estimated (54).	RMSE=0.0000225
Individual allele frequencies estimated (55).	RMSE=0.0000215
Individual allele frequencies estimated (56).	RMSE=0.0000207
Individual allele frequencies estimated (57).	RMSE=0.0000197
Individual allele frequencies estimated (58).	RMSE=0.0000188
Individual allele frequencies estimated (59).	RMSE=0.0000179
Individual allele frequencies estimated (60).	RMSE=0.0000170
Individual allele frequencies estimated (61).	RMSE=0.0000162
Individual allele frequencies estimated (62).	RMSE=0.0000154
Individual allele frequencies estimated (63).	RMSE=0.0000146
Individual allele frequencies estimated (64).	RMSE=0.0000139
Individual allele frequencies estimated (65).	RMSE=0.0000131
Individual allele frequencies estimated (66).	RMSE=0.0000125
Individual allele frequencies estimated (67).	RMSE=0.0000119
Individual allele frequencies estimated (68).	RMSE=0.0000114
Individual allele frequencies estimated (69).	RMSE=0.0000106
Individual allele frequencies estimated (70).	RMSE=0.0000099
PCAngsd converged.
Saved covariance matrix as /users/s/m/smdecker/projects/eco_genomics_2025/population_genomics/myresults/ANGSD/PCA_ADMIX/RSBS_poly_K3.cov

Estimating admixture proportions using NMF (CSG-MU).
K=3, Alpha=0.0, Batches=10, Seed=0
CSG-MU (1).	RMSE=0.260920713
CSG-MU (2).	RMSE=0.091781345
CSG-MU (3).	RMSE=0.155791368
CSG-MU (4).	RMSE=0.048790828
CSG-MU (5).	RMSE=0.024862947
CSG-MU (6).	RMSE=0.009630399
CSG-MU (7).	RMSE=0.005139771
CSG-MU (8).	RMSE=0.003224114
CSG-MU (9).	RMSE=0.002249640
CSG-MU (10).	RMSE=0.001491831
CSG-MU (11).	RMSE=0.001110468
CSG-MU (12).	RMSE=0.000814669
CSG-MU (13).	RMSE=0.000609203
CSG-MU (14).	RMSE=0.000453346
CSG-MU (15).	RMSE=0.000358725
CSG-MU (16).	RMSE=0.000283220
CSG-MU (17).	RMSE=0.000227103
CSG-MU (18).	RMSE=0.000180162
CSG-MU (19).	RMSE=0.000144409
CSG-MU (20).	RMSE=0.000116160
CSG-MU (21).	RMSE=0.000096337
CSG-MU (22).	RMSE=0.000075145
CSG-MU (23).	RMSE=0.000063420
CSG-MU (24).	RMSE=0.000051004
CSG-MU (25).	RMSE=0.000042725
CSG-MU (26).	RMSE=0.000034354
CSG-MU (27).	RMSE=0.000029590
CSG-MU (28).	RMSE=0.000023079
CSG-MU (29).	RMSE=0.000019660
CSG-MU (30).	RMSE=0.000014343
CSG-MU (31).	RMSE=0.000012472
CSG-MU (32).	RMSE=0.000010578
CSG-MU (33).	RMSE=0.000009373
Converged.
Frobenius error: 54.59306
Log-likelihood: -59635614.07862
Saved admixture proportions as /users/s/m/smdecker/projects/eco_genomics_2025/population_genomics/myresults/ANGSD/PCA_ADMIX/RSBS_poly_K3.admix.3.Q
Saved ancestral allele frequencies proportions as /users/s/m/smdecker/projects/eco_genomics_2025/population_genomics/myresults/ANGSD/PCA_ADMIX/RSBS_poly_K3.admix.3.P

Total elapsed time: 3m30s
