mkdir: cannot create directory ‘/users/s/m/smdecker/projects/eco_genomics_2025/population_genomics/myresults/ANGSD/PCA_ADMIX’: File exists
------------------------------------
PCAngsd v1.36.1
Jonas Meisner and Anders Albrechtsen
Using 10 thread(s)
------------------------------------

Parsing Beagle file.
Loaded 971934 sites and 113 samples.
Estimating minor allele frequencies.
EM (MAF) converged at iteration: 7
Number of sites after MAF filtering (0.05): 697053

Estimating covariance matrix.
Using 4 principal components (manually selected).
Individual allele frequencies estimated (1).
Individual allele frequencies estimated (2).	RMSE=0.0941618
Individual allele frequencies estimated (3).	RMSE=0.0940812
Individual allele frequencies estimated (4).	RMSE=0.0940741
Individual allele frequencies estimated (5).	RMSE=0.0041412
Individual allele frequencies estimated (6).	RMSE=0.0008196
Individual allele frequencies estimated (7).	RMSE=0.0940812
Individual allele frequencies estimated (8).	RMSE=0.0021080
Individual allele frequencies estimated (9).	RMSE=0.0027866
Individual allele frequencies estimated (10).	RMSE=0.0940723
Individual allele frequencies estimated (11).	RMSE=0.0036210
Individual allele frequencies estimated (12).	RMSE=0.0038536
Individual allele frequencies estimated (13).	RMSE=0.0039410
Individual allele frequencies estimated (14).	RMSE=0.0039266
Individual allele frequencies estimated (15).	RMSE=0.0037718
Individual allele frequencies estimated (16).	RMSE=0.0034893
Individual allele frequencies estimated (17).	RMSE=0.0031670
Individual allele frequencies estimated (18).	RMSE=0.0940721
Individual allele frequencies estimated (19).	RMSE=0.0024037
Individual allele frequencies estimated (20).	RMSE=0.0020808
Individual allele frequencies estimated (21).	RMSE=0.0018057
Individual allele frequencies estimated (22).	RMSE=0.0015347
Individual allele frequencies estimated (23).	RMSE=0.0013132
Individual allele frequencies estimated (24).	RMSE=0.0011206
Individual allele frequencies estimated (25).	RMSE=0.0009676
Individual allele frequencies estimated (26).	RMSE=0.0008173
Individual allele frequencies estimated (27).	RMSE=0.0006803
Individual allele frequencies estimated (28).	RMSE=0.0005693
Individual allele frequencies estimated (29).	RMSE=0.0004901
Individual allele frequencies estimated (30).	RMSE=0.0004088
Individual allele frequencies estimated (31).	RMSE=0.0003552
Individual allele frequencies estimated (32).	RMSE=0.0002793
Individual allele frequencies estimated (33).	RMSE=0.0002320
Individual allele frequencies estimated (34).	RMSE=0.0001930
Individual allele frequencies estimated (35).	RMSE=0.0001565
Individual allele frequencies estimated (36).	RMSE=0.0001244
Individual allele frequencies estimated (37).	RMSE=0.0001013
Individual allele frequencies estimated (38).	RMSE=0.0000871
Individual allele frequencies estimated (39).	RMSE=0.0000802
Individual allele frequencies estimated (40).	RMSE=0.0000790
Individual allele frequencies estimated (41).	RMSE=0.0000828
Individual allele frequencies estimated (42).	RMSE=0.0000870
Individual allele frequencies estimated (43).	RMSE=0.0000958
Individual allele frequencies estimated (44).	RMSE=0.0001053
Individual allele frequencies estimated (45).	RMSE=0.0001093
Individual allele frequencies estimated (46).	RMSE=0.0001106
Individual allele frequencies estimated (47).	RMSE=0.0001189
Individual allele frequencies estimated (48).	RMSE=0.0001161
Individual allele frequencies estimated (49).	RMSE=0.0001149
Individual allele frequencies estimated (50).	RMSE=0.0001265
Individual allele frequencies estimated (51).	RMSE=0.0001297
Individual allele frequencies estimated (52).	RMSE=0.0001187
Individual allele frequencies estimated (53).	RMSE=0.0001389
Individual allele frequencies estimated (54).	RMSE=0.0001402
Individual allele frequencies estimated (55).	RMSE=0.0001430
Individual allele frequencies estimated (56).	RMSE=0.0001388
Individual allele frequencies estimated (57).	RMSE=0.0001431
Individual allele frequencies estimated (58).	RMSE=0.0001458
Individual allele frequencies estimated (59).	RMSE=0.0001459
Individual allele frequencies estimated (60).	RMSE=0.0001421
Individual allele frequencies estimated (61).	RMSE=0.0001465
Individual allele frequencies estimated (62).	RMSE=0.0001455
Individual allele frequencies estimated (63).	RMSE=0.0001378
Individual allele frequencies estimated (64).	RMSE=0.0001390
Individual allele frequencies estimated (65).	RMSE=0.0001368
Individual allele frequencies estimated (66).	RMSE=0.0001361
Individual allele frequencies estimated (67).	RMSE=0.0001382
Individual allele frequencies estimated (68).	RMSE=0.0001400
Individual allele frequencies estimated (69).	RMSE=0.0001358
Individual allele frequencies estimated (70).	RMSE=0.0001279
Individual allele frequencies estimated (71).	RMSE=0.0001270
Individual allele frequencies estimated (72).	RMSE=0.0001269
Individual allele frequencies estimated (73).	RMSE=0.0001244
Individual allele frequencies estimated (74).	RMSE=0.0001294
Individual allele frequencies estimated (75).	RMSE=0.0001290
Individual allele frequencies estimated (76).	RMSE=0.0001218
Individual allele frequencies estimated (77).	RMSE=0.0001196
Individual allele frequencies estimated (78).	RMSE=0.0001177
Individual allele frequencies estimated (79).	RMSE=0.0001157
Individual allele frequencies estimated (80).	RMSE=0.0001146
Individual allele frequencies estimated (81).	RMSE=0.0001146
Individual allele frequencies estimated (82).	RMSE=0.0001185
Individual allele frequencies estimated (83).	RMSE=0.0001118
Individual allele frequencies estimated (84).	RMSE=0.0001085
Individual allele frequencies estimated (85).	RMSE=0.0001052
Individual allele frequencies estimated (86).	RMSE=0.0001041
Individual allele frequencies estimated (87).	RMSE=0.0001021
Individual allele frequencies estimated (88).	RMSE=0.0000978
Individual allele frequencies estimated (89).	RMSE=0.0000978
Individual allele frequencies estimated (90).	RMSE=0.0000972
Individual allele frequencies estimated (91).	RMSE=0.0000903
Individual allele frequencies estimated (92).	RMSE=0.0000892
Individual allele frequencies estimated (93).	RMSE=0.0000835
Individual allele frequencies estimated (94).	RMSE=0.0000852
Individual allele frequencies estimated (95).	RMSE=0.0940721
Individual allele frequencies estimated (96).	RMSE=0.0000809
Individual allele frequencies estimated (97).	RMSE=0.0000842
Individual allele frequencies estimated (98).	RMSE=0.0000844
Individual allele frequencies estimated (99).	RMSE=0.0000869
Individual allele frequencies estimated (100).	RMSE=0.0000804
Individual allele frequencies estimated (101).	RMSE=0.0000775
PCAngsd did not converge!
Saved covariance matrix as /users/s/m/smdecker/projects/eco_genomics_2025/population_genomics/myresults/ANGSD/PCA_ADMIX/RSBS_poly_K5.cov

Estimating admixture proportions using NMF (CSG-MU).
K=5, Alpha=0.0, Batches=10, Seed=0
CSG-MU (1).	RMSE=0.198563113
CSG-MU (2).	RMSE=0.137694363
CSG-MU (3).	RMSE=0.056130825
CSG-MU (4).	RMSE=0.099679004
CSG-MU (5).	RMSE=0.036627654
CSG-MU (6).	RMSE=0.016170174
CSG-MU (7).	RMSE=0.007842218
CSG-MU (8).	RMSE=0.004074449
CSG-MU (9).	RMSE=0.002011000
CSG-MU (10).	RMSE=0.001117782
CSG-MU (11).	RMSE=0.000633894
CSG-MU (12).	RMSE=0.000385335
CSG-MU (13).	RMSE=0.000251945
CSG-MU (14).	RMSE=0.000167772
CSG-MU (15).	RMSE=0.000108238
CSG-MU (16).	RMSE=0.000073052
CSG-MU (17).	RMSE=0.000050172
CSG-MU (18).	RMSE=0.000036063
CSG-MU (19).	RMSE=0.000025975
CSG-MU (20).	RMSE=0.000018813
CSG-MU (21).	RMSE=0.000014713
CSG-MU (22).	RMSE=0.000010847
CSG-MU (23).	RMSE=0.000008953
Converged.
Frobenius error: 95.27915
Log-likelihood: -58914362.84425
Saved admixture proportions as /users/s/m/smdecker/projects/eco_genomics_2025/population_genomics/myresults/ANGSD/PCA_ADMIX/RSBS_poly_K5.admix.5.Q
Saved ancestral allele frequencies proportions as /users/s/m/smdecker/projects/eco_genomics_2025/population_genomics/myresults/ANGSD/PCA_ADMIX/RSBS_poly_K5.admix.5.P

Total elapsed time: 4m43s
